   Compiling rustc-pathogen v0.1.0 (/home/andreas/code/projects/rustc-pathogen)
    Finished dev [unoptimized + debuginfo] target(s) in 0.20s
	Command being timed: "cargo build"
	User time (seconds): 0.16
	System time (seconds): 0.05
	Percent of CPU this job got: 100%
	Elapsed (wall clock) time (h:mm:ss or m:ss): 0:00.21
	Average shared text size (kbytes): 0
	Average unshared data size (kbytes): 0
	Average stack size (kbytes): 0
	Average total size (kbytes): 0
	Maximum resident set size (kbytes): 120712
	Average resident set size (kbytes): 0
	Major (requiring I/O) page faults: 0
	Minor (reclaiming a frame) page faults: 18498
	Voluntary context switches: 59
	Involuntary context switches: 31
	Swaps: 0
	File system inputs: 0
	File system outputs: 6184
	Socket messages sent: 0
	Socket messages received: 0
	Signals delivered: 0
	Page size (bytes): 4096
	Exit status: 0
   Compiling rustc-pathogen v0.1.0 (/home/andreas/code/projects/rustc-pathogen)
    Finished dev [unoptimized + debuginfo] target(s) in 0.23s
	Command being timed: "cargo build"
	User time (seconds): 0.21
	System time (seconds): 0.04
	Percent of CPU this job got: 106%
	Elapsed (wall clock) time (h:mm:ss or m:ss): 0:00.24
	Average shared text size (kbytes): 0
	Average unshared data size (kbytes): 0
	Average stack size (kbytes): 0
	Average total size (kbytes): 0
	Maximum resident set size (kbytes): 127272
	Average resident set size (kbytes): 0
	Major (requiring I/O) page faults: 0
	Minor (reclaiming a frame) page faults: 20181
	Voluntary context switches: 60
	Involuntary context switches: 123
	Swaps: 0
	File system inputs: 0
	File system outputs: 6760
	Socket messages sent: 0
	Socket messages received: 0
	Signals delivered: 0
	Page size (bytes): 4096
	Exit status: 0
   Compiling rustc-pathogen v0.1.0 (/home/andreas/code/projects/rustc-pathogen)
    Finished dev [unoptimized + debuginfo] target(s) in 0.28s
	Command being timed: "cargo build"
	User time (seconds): 0.29
	System time (seconds): 0.02
	Percent of CPU this job got: 106%
	Elapsed (wall clock) time (h:mm:ss or m:ss): 0:00.29
	Average shared text size (kbytes): 0
	Average unshared data size (kbytes): 0
	Average stack size (kbytes): 0
	Average total size (kbytes): 0
	Maximum resident set size (kbytes): 139144
	Average resident set size (kbytes): 0
	Major (requiring I/O) page faults: 0
	Minor (reclaiming a frame) page faults: 23191
	Voluntary context switches: 61
	Involuntary context switches: 53
	Swaps: 0
	File system inputs: 0
	File system outputs: 7344
	Socket messages sent: 0
	Socket messages received: 0
	Signals delivered: 0
	Page size (bytes): 4096
	Exit status: 0
   Compiling rustc-pathogen v0.1.0 (/home/andreas/code/projects/rustc-pathogen)
    Finished dev [unoptimized + debuginfo] target(s) in 0.34s
	Command being timed: "cargo build"
	User time (seconds): 0.33
	System time (seconds): 0.03
	Percent of CPU this job got: 105%
	Elapsed (wall clock) time (h:mm:ss or m:ss): 0:00.35
	Average shared text size (kbytes): 0
	Average unshared data size (kbytes): 0
	Average stack size (kbytes): 0
	Average total size (kbytes): 0
	Maximum resident set size (kbytes): 152744
	Average resident set size (kbytes): 0
	Major (requiring I/O) page faults: 0
	Minor (reclaiming a frame) page faults: 26677
	Voluntary context switches: 65
	Involuntary context switches: 47
	Swaps: 0
	File system inputs: 0
	File system outputs: 7912
	Socket messages sent: 0
	Socket messages received: 0
	Signals delivered: 0
	Page size (bytes): 4096
	Exit status: 0
   Compiling rustc-pathogen v0.1.0 (/home/andreas/code/projects/rustc-pathogen)
    Finished dev [unoptimized + debuginfo] target(s) in 0.41s
	Command being timed: "cargo build"
	User time (seconds): 0.40
	System time (seconds): 0.04
	Percent of CPU this job got: 105%
	Elapsed (wall clock) time (h:mm:ss or m:ss): 0:00.42
	Average shared text size (kbytes): 0
	Average unshared data size (kbytes): 0
	Average stack size (kbytes): 0
	Average total size (kbytes): 0
	Maximum resident set size (kbytes): 169028
	Average resident set size (kbytes): 0
	Major (requiring I/O) page faults: 0
	Minor (reclaiming a frame) page faults: 30938
	Voluntary context switches: 60
	Involuntary context switches: 102
	Swaps: 0
	File system inputs: 0
	File system outputs: 8512
	Socket messages sent: 0
	Socket messages received: 0
	Signals delivered: 0
	Page size (bytes): 4096
	Exit status: 0
   Compiling rustc-pathogen v0.1.0 (/home/andreas/code/projects/rustc-pathogen)
    Finished dev [unoptimized + debuginfo] target(s) in 0.48s
	Command being timed: "cargo build"
	User time (seconds): 0.45
	System time (seconds): 0.05
	Percent of CPU this job got: 103%
	Elapsed (wall clock) time (h:mm:ss or m:ss): 0:00.48
	Average shared text size (kbytes): 0
	Average unshared data size (kbytes): 0
	Average stack size (kbytes): 0
	Average total size (kbytes): 0
	Maximum resident set size (kbytes): 189532
	Average resident set size (kbytes): 0
	Major (requiring I/O) page faults: 0
	Minor (reclaiming a frame) page faults: 35939
	Voluntary context switches: 60
	Involuntary context switches: 399
	Swaps: 0
	File system inputs: 0
	File system outputs: 9096
	Socket messages sent: 0
	Socket messages received: 0
	Signals delivered: 0
	Page size (bytes): 4096
	Exit status: 0
   Compiling rustc-pathogen v0.1.0 (/home/andreas/code/projects/rustc-pathogen)
    Finished dev [unoptimized + debuginfo] target(s) in 0.54s
	Command being timed: "cargo build"
	User time (seconds): 0.50
	System time (seconds): 0.06
	Percent of CPU this job got: 104%
	Elapsed (wall clock) time (h:mm:ss or m:ss): 0:00.54
	Average shared text size (kbytes): 0
	Average unshared data size (kbytes): 0
	Average stack size (kbytes): 0
	Average total size (kbytes): 0
	Maximum resident set size (kbytes): 205252
	Average resident set size (kbytes): 0
	Major (requiring I/O) page faults: 0
	Minor (reclaiming a frame) page faults: 39965
	Voluntary context switches: 62
	Involuntary context switches: 72
	Swaps: 0
	File system inputs: 0
	File system outputs: 9696
	Socket messages sent: 0
	Socket messages received: 0
	Signals delivered: 0
	Page size (bytes): 4096
	Exit status: 0
   Compiling rustc-pathogen v0.1.0 (/home/andreas/code/projects/rustc-pathogen)
    Finished dev [unoptimized + debuginfo] target(s) in 0.60s
	Command being timed: "cargo build"
	User time (seconds): 0.55
	System time (seconds): 0.08
	Percent of CPU this job got: 104%
	Elapsed (wall clock) time (h:mm:ss or m:ss): 0:00.61
	Average shared text size (kbytes): 0
	Average unshared data size (kbytes): 0
	Average stack size (kbytes): 0
	Average total size (kbytes): 0
	Maximum resident set size (kbytes): 226784
	Average resident set size (kbytes): 0
	Major (requiring I/O) page faults: 0
	Minor (reclaiming a frame) page faults: 45393
	Voluntary context switches: 58
	Involuntary context switches: 102
	Swaps: 0
	File system inputs: 0
	File system outputs: 10320
	Socket messages sent: 0
	Socket messages received: 0
	Signals delivered: 0
	Page size (bytes): 4096
	Exit status: 0
   Compiling rustc-pathogen v0.1.0 (/home/andreas/code/projects/rustc-pathogen)
    Finished dev [unoptimized + debuginfo] target(s) in 0.67s
	Command being timed: "cargo build"
	User time (seconds): 0.63
	System time (seconds): 0.07
	Percent of CPU this job got: 104%
	Elapsed (wall clock) time (h:mm:ss or m:ss): 0:00.68
	Average shared text size (kbytes): 0
	Average unshared data size (kbytes): 0
	Average stack size (kbytes): 0
	Average total size (kbytes): 0
	Maximum resident set size (kbytes): 250176
	Average resident set size (kbytes): 0
	Major (requiring I/O) page faults: 0
	Minor (reclaiming a frame) page faults: 51285
	Voluntary context switches: 60
	Involuntary context switches: 86
	Swaps: 0
	File system inputs: 0
	File system outputs: 10928
	Socket messages sent: 0
	Socket messages received: 0
	Signals delivered: 0
	Page size (bytes): 4096
	Exit status: 0
   Compiling rustc-pathogen v0.1.0 (/home/andreas/code/projects/rustc-pathogen)
    Finished dev [unoptimized + debuginfo] target(s) in 0.76s
	Command being timed: "cargo build"
	User time (seconds): 0.73
	System time (seconds): 0.06
	Percent of CPU this job got: 103%
	Elapsed (wall clock) time (h:mm:ss or m:ss): 0:00.77
	Average shared text size (kbytes): 0
	Average unshared data size (kbytes): 0
	Average stack size (kbytes): 0
	Average total size (kbytes): 0
	Maximum resident set size (kbytes): 280112
	Average resident set size (kbytes): 0
	Major (requiring I/O) page faults: 0
	Minor (reclaiming a frame) page faults: 59232
	Voluntary context switches: 61
	Involuntary context switches: 666
	Swaps: 0
	File system inputs: 0
	File system outputs: 11528
	Socket messages sent: 0
	Socket messages received: 0
	Signals delivered: 0
	Page size (bytes): 4096
	Exit status: 0
   Compiling rustc-pathogen v0.1.0 (/home/andreas/code/projects/rustc-pathogen)
    Finished dev [unoptimized + debuginfo] target(s) in 0.83s
	Command being timed: "cargo build"
	User time (seconds): 0.76
	System time (seconds): 0.11
	Percent of CPU this job got: 104%
	Elapsed (wall clock) time (h:mm:ss or m:ss): 0:00.84
	Average shared text size (kbytes): 0
	Average unshared data size (kbytes): 0
	Average stack size (kbytes): 0
	Average total size (kbytes): 0
	Maximum resident set size (kbytes): 303580
	Average resident set size (kbytes): 0
	Major (requiring I/O) page faults: 0
	Minor (reclaiming a frame) page faults: 64909
	Voluntary context switches: 58
	Involuntary context switches: 57
	Swaps: 0
	File system inputs: 0
	File system outputs: 12128
	Socket messages sent: 0
	Socket messages received: 0
	Signals delivered: 0
	Page size (bytes): 4096
	Exit status: 0
   Compiling rustc-pathogen v0.1.0 (/home/andreas/code/projects/rustc-pathogen)
    Finished dev [unoptimized + debuginfo] target(s) in 0.91s
	Command being timed: "cargo build"
	User time (seconds): 0.85
	System time (seconds): 0.10
	Percent of CPU this job got: 103%
	Elapsed (wall clock) time (h:mm:ss or m:ss): 0:00.92
	Average shared text size (kbytes): 0
	Average unshared data size (kbytes): 0
	Average stack size (kbytes): 0
	Average total size (kbytes): 0
	Maximum resident set size (kbytes): 353172
	Average resident set size (kbytes): 0
	Major (requiring I/O) page faults: 0
	Minor (reclaiming a frame) page faults: 77205
	Voluntary context switches: 60
	Involuntary context switches: 119
	Swaps: 0
	File system inputs: 0
	File system outputs: 12720
	Socket messages sent: 0
	Socket messages received: 0
	Signals delivered: 0
	Page size (bytes): 4096
	Exit status: 0
   Compiling rustc-pathogen v0.1.0 (/home/andreas/code/projects/rustc-pathogen)
    Finished dev [unoptimized + debuginfo] target(s) in 0.97s
	Command being timed: "cargo build"
	User time (seconds): 0.86
	System time (seconds): 0.14
	Percent of CPU this job got: 102%
	Elapsed (wall clock) time (h:mm:ss or m:ss): 0:00.98
	Average shared text size (kbytes): 0
	Average unshared data size (kbytes): 0
	Average stack size (kbytes): 0
	Average total size (kbytes): 0
	Maximum resident set size (kbytes): 368884
	Average resident set size (kbytes): 0
	Major (requiring I/O) page faults: 0
	Minor (reclaiming a frame) page faults: 81908
	Voluntary context switches: 60
	Involuntary context switches: 884
	Swaps: 0
	File system inputs: 0
	File system outputs: 13328
	Socket messages sent: 0
	Socket messages received: 0
	Signals delivered: 0
	Page size (bytes): 4096
	Exit status: 0
   Compiling rustc-pathogen v0.1.0 (/home/andreas/code/projects/rustc-pathogen)
    Finished dev [unoptimized + debuginfo] target(s) in 1.06s
	Command being timed: "cargo build"
	User time (seconds): 0.96
	System time (seconds): 0.14
	Percent of CPU this job got: 103%
	Elapsed (wall clock) time (h:mm:ss or m:ss): 0:01.06
	Average shared text size (kbytes): 0
	Average unshared data size (kbytes): 0
	Average stack size (kbytes): 0
	Average total size (kbytes): 0
	Maximum resident set size (kbytes): 415464
	Average resident set size (kbytes): 0
	Major (requiring I/O) page faults: 0
	Minor (reclaiming a frame) page faults: 93607
	Voluntary context switches: 60
	Involuntary context switches: 95
	Swaps: 0
	File system inputs: 0
	File system outputs: 13936
	Socket messages sent: 0
	Socket messages received: 0
	Signals delivered: 0
	Page size (bytes): 4096
	Exit status: 0
   Compiling rustc-pathogen v0.1.0 (/home/andreas/code/projects/rustc-pathogen)
    Finished dev [unoptimized + debuginfo] target(s) in 1.13s
	Command being timed: "cargo build"
	User time (seconds): 1.03
	System time (seconds): 0.12
	Percent of CPU this job got: 101%
	Elapsed (wall clock) time (h:mm:ss or m:ss): 0:01.14
	Average shared text size (kbytes): 0
	Average unshared data size (kbytes): 0
	Average stack size (kbytes): 0
	Average total size (kbytes): 0
	Maximum resident set size (kbytes): 408104
	Average resident set size (kbytes): 0
	Major (requiring I/O) page faults: 0
	Minor (reclaiming a frame) page faults: 91907
	Voluntary context switches: 63
	Involuntary context switches: 1004
	Swaps: 0
	File system inputs: 0
	File system outputs: 14528
	Socket messages sent: 0
	Socket messages received: 0
	Signals delivered: 0
	Page size (bytes): 4096
	Exit status: 0
   Compiling rustc-pathogen v0.1.0 (/home/andreas/code/projects/rustc-pathogen)
    Finished dev [unoptimized + debuginfo] target(s) in 1.22s
	Command being timed: "cargo build"
	User time (seconds): 1.12
	System time (seconds): 0.14
	Percent of CPU this job got: 102%
	Elapsed (wall clock) time (h:mm:ss or m:ss): 0:01.23
	Average shared text size (kbytes): 0
	Average unshared data size (kbytes): 0
	Average stack size (kbytes): 0
	Average total size (kbytes): 0
	Maximum resident set size (kbytes): 475396
	Average resident set size (kbytes): 0
	Major (requiring I/O) page faults: 0
	Minor (reclaiming a frame) page faults: 108176
	Voluntary context switches: 65
	Involuntary context switches: 70
	Swaps: 0
	File system inputs: 0
	File system outputs: 15144
	Socket messages sent: 0
	Socket messages received: 0
	Signals delivered: 0
	Page size (bytes): 4096
	Exit status: 0
   Compiling rustc-pathogen v0.1.0 (/home/andreas/code/projects/rustc-pathogen)
    Finished dev [unoptimized + debuginfo] target(s) in 1.32s
	Command being timed: "cargo build"
	User time (seconds): 1.19
	System time (seconds): 0.14
	Percent of CPU this job got: 101%
	Elapsed (wall clock) time (h:mm:ss or m:ss): 0:01.33
	Average shared text size (kbytes): 0
	Average unshared data size (kbytes): 0
	Average stack size (kbytes): 0
	Average total size (kbytes): 0
	Maximum resident set size (kbytes): 487808
	Average resident set size (kbytes): 0
	Major (requiring I/O) page faults: 0
	Minor (reclaiming a frame) page faults: 111187
	Voluntary context switches: 61
	Involuntary context switches: 1190
	Swaps: 0
	File system inputs: 0
	File system outputs: 15752
	Socket messages sent: 0
	Socket messages received: 0
	Signals delivered: 0
	Page size (bytes): 4096
	Exit status: 0
   Compiling rustc-pathogen v0.1.0 (/home/andreas/code/projects/rustc-pathogen)
    Finished dev [unoptimized + debuginfo] target(s) in 1.42s
	Command being timed: "cargo build"
	User time (seconds): 1.32
	System time (seconds): 0.14
	Percent of CPU this job got: 102%
	Elapsed (wall clock) time (h:mm:ss or m:ss): 0:01.43
	Average shared text size (kbytes): 0
	Average unshared data size (kbytes): 0
	Average stack size (kbytes): 0
	Average total size (kbytes): 0
	Maximum resident set size (kbytes): 564212
	Average resident set size (kbytes): 0
	Major (requiring I/O) page faults: 0
	Minor (reclaiming a frame) page faults: 130359
	Voluntary context switches: 61
	Involuntary context switches: 75
	Swaps: 0
	File system inputs: 0
	File system outputs: 16360
	Socket messages sent: 0
	Socket messages received: 0
	Signals delivered: 0
	Page size (bytes): 4096
	Exit status: 0
   Compiling rustc-pathogen v0.1.0 (/home/andreas/code/projects/rustc-pathogen)
    Finished dev [unoptimized + debuginfo] target(s) in 1.53s
	Command being timed: "cargo build"
	User time (seconds): 1.43
	System time (seconds): 0.15
	Percent of CPU this job got: 102%
	Elapsed (wall clock) time (h:mm:ss or m:ss): 0:01.54
	Average shared text size (kbytes): 0
	Average unshared data size (kbytes): 0
	Average stack size (kbytes): 0
	Average total size (kbytes): 0
	Maximum resident set size (kbytes): 624724
	Average resident set size (kbytes): 0
	Major (requiring I/O) page faults: 0
	Minor (reclaiming a frame) page faults: 147148
	Voluntary context switches: 61
	Involuntary context switches: 133
	Swaps: 0
	File system inputs: 0
	File system outputs: 16992
	Socket messages sent: 0
	Socket messages received: 0
	Signals delivered: 0
	Page size (bytes): 4096
	Exit status: 0
   Compiling rustc-pathogen v0.1.0 (/home/andreas/code/projects/rustc-pathogen)
    Finished dev [unoptimized + debuginfo] target(s) in 1.62s
	Command being timed: "cargo build"
	User time (seconds): 1.46
	System time (seconds): 0.20
	Percent of CPU this job got: 102%
	Elapsed (wall clock) time (h:mm:ss or m:ss): 0:01.63
	Average shared text size (kbytes): 0
	Average unshared data size (kbytes): 0
	Average stack size (kbytes): 0
	Average total size (kbytes): 0
	Maximum resident set size (kbytes): 658372
	Average resident set size (kbytes): 0
	Major (requiring I/O) page faults: 0
	Minor (reclaiming a frame) page faults: 155856
	Voluntary context switches: 60
	Involuntary context switches: 49
	Swaps: 0
	File system inputs: 0
	File system outputs: 17600
	Socket messages sent: 0
	Socket messages received: 0
	Signals delivered: 0
	Page size (bytes): 4096
	Exit status: 0
   Compiling rustc-pathogen v0.1.0 (/home/andreas/code/projects/rustc-pathogen)
    Finished dev [unoptimized + debuginfo] target(s) in 1.68s
	Command being timed: "cargo build"
	User time (seconds): 1.54
	System time (seconds): 0.16
	Percent of CPU this job got: 101%
	Elapsed (wall clock) time (h:mm:ss or m:ss): 0:01.68
	Average shared text size (kbytes): 0
	Average unshared data size (kbytes): 0
	Average stack size (kbytes): 0
	Average total size (kbytes): 0
	Maximum resident set size (kbytes): 621928
	Average resident set size (kbytes): 0
	Major (requiring I/O) page faults: 0
	Minor (reclaiming a frame) page faults: 147367
	Voluntary context switches: 60
	Involuntary context switches: 1542
	Swaps: 0
	File system inputs: 0
	File system outputs: 18200
	Socket messages sent: 0
	Socket messages received: 0
	Signals delivered: 0
	Page size (bytes): 4096
	Exit status: 0
   Compiling rustc-pathogen v0.1.0 (/home/andreas/code/projects/rustc-pathogen)
    Finished dev [unoptimized + debuginfo] target(s) in 1.80s
	Command being timed: "cargo build"
	User time (seconds): 1.65
	System time (seconds): 0.20
	Percent of CPU this job got: 102%
	Elapsed (wall clock) time (h:mm:ss or m:ss): 0:01.81
	Average shared text size (kbytes): 0
	Average unshared data size (kbytes): 0
	Average stack size (kbytes): 0
	Average total size (kbytes): 0
	Maximum resident set size (kbytes): 722496
	Average resident set size (kbytes): 0
	Major (requiring I/O) page faults: 0
	Minor (reclaiming a frame) page faults: 170931
	Voluntary context switches: 61
	Involuntary context switches: 164
	Swaps: 0
	File system inputs: 0
	File system outputs: 18824
	Socket messages sent: 0
	Socket messages received: 0
	Signals delivered: 0
	Page size (bytes): 4096
	Exit status: 0
   Compiling rustc-pathogen v0.1.0 (/home/andreas/code/projects/rustc-pathogen)
    Finished dev [unoptimized + debuginfo] target(s) in 1.87s
	Command being timed: "cargo build"
	User time (seconds): 1.68
	System time (seconds): 0.21
	Percent of CPU this job got: 100%
	Elapsed (wall clock) time (h:mm:ss or m:ss): 0:01.88
	Average shared text size (kbytes): 0
	Average unshared data size (kbytes): 0
	Average stack size (kbytes): 0
	Average total size (kbytes): 0
	Maximum resident set size (kbytes): 748008
	Average resident set size (kbytes): 0
	Major (requiring I/O) page faults: 0
	Minor (reclaiming a frame) page faults: 177165
	Voluntary context switches: 63
	Involuntary context switches: 1730
	Swaps: 0
	File system inputs: 0
	File system outputs: 19424
	Socket messages sent: 0
	Socket messages received: 0
	Signals delivered: 0
	Page size (bytes): 4096
	Exit status: 0
   Compiling rustc-pathogen v0.1.0 (/home/andreas/code/projects/rustc-pathogen)
    Finished dev [unoptimized + debuginfo] target(s) in 1.99s
	Command being timed: "cargo build"
	User time (seconds): 1.78
	System time (seconds): 0.26
	Percent of CPU this job got: 102%
	Elapsed (wall clock) time (h:mm:ss or m:ss): 0:02.00
	Average shared text size (kbytes): 0
	Average unshared data size (kbytes): 0
	Average stack size (kbytes): 0
	Average total size (kbytes): 0
	Maximum resident set size (kbytes): 888016
	Average resident set size (kbytes): 0
	Major (requiring I/O) page faults: 0
	Minor (reclaiming a frame) page faults: 213171
	Voluntary context switches: 62
	Involuntary context switches: 81
	Swaps: 0
	File system inputs: 0
	File system outputs: 20056
	Socket messages sent: 0
	Socket messages received: 0
	Signals delivered: 0
	Page size (bytes): 4096
	Exit status: 0
   Compiling rustc-pathogen v0.1.0 (/home/andreas/code/projects/rustc-pathogen)
    Finished dev [unoptimized + debuginfo] target(s) in 2.04s
	Command being timed: "cargo build"
	User time (seconds): 1.81
	System time (seconds): 0.29
	Percent of CPU this job got: 102%
	Elapsed (wall clock) time (h:mm:ss or m:ss): 0:02.05
	Average shared text size (kbytes): 0
	Average unshared data size (kbytes): 0
	Average stack size (kbytes): 0
	Average total size (kbytes): 0
	Maximum resident set size (kbytes): 919416
	Average resident set size (kbytes): 0
	Major (requiring I/O) page faults: 0
	Minor (reclaiming a frame) page faults: 221055
	Voluntary context switches: 61
	Involuntary context switches: 77
	Swaps: 0
	File system inputs: 0
	File system outputs: 20672
	Socket messages sent: 0
	Socket messages received: 0
	Signals delivered: 0
	Page size (bytes): 4096
	Exit status: 0
   Compiling rustc-pathogen v0.1.0 (/home/andreas/code/projects/rustc-pathogen)
    Finished dev [unoptimized + debuginfo] target(s) in 2.14s
	Command being timed: "cargo build"
	User time (seconds): 1.92
	System time (seconds): 0.27
	Percent of CPU this job got: 102%
	Elapsed (wall clock) time (h:mm:ss or m:ss): 0:02.15
	Average shared text size (kbytes): 0
	Average unshared data size (kbytes): 0
	Average stack size (kbytes): 0
	Average total size (kbytes): 0
	Maximum resident set size (kbytes): 934152
	Average resident set size (kbytes): 0
	Major (requiring I/O) page faults: 0
	Minor (reclaiming a frame) page faults: 232585
	Voluntary context switches: 62
	Involuntary context switches: 202
	Swaps: 0
	File system inputs: 0
	File system outputs: 21272
	Socket messages sent: 0
	Socket messages received: 0
	Signals delivered: 0
	Page size (bytes): 4096
	Exit status: 0
   Compiling rustc-pathogen v0.1.0 (/home/andreas/code/projects/rustc-pathogen)
    Finished dev [unoptimized + debuginfo] target(s) in 2.29s
	Command being timed: "cargo build"
	User time (seconds): 2.03
	System time (seconds): 0.31
	Percent of CPU this job got: 102%
	Elapsed (wall clock) time (h:mm:ss or m:ss): 0:02.29
	Average shared text size (kbytes): 0
	Average unshared data size (kbytes): 0
	Average stack size (kbytes): 0
	Average total size (kbytes): 0
	Maximum resident set size (kbytes): 1096340
	Average resident set size (kbytes): 0
	Major (requiring I/O) page faults: 0
	Minor (reclaiming a frame) page faults: 264964
	Voluntary context switches: 60
	Involuntary context switches: 95
	Swaps: 0
	File system inputs: 0
	File system outputs: 21880
	Socket messages sent: 0
	Socket messages received: 0
	Signals delivered: 0
	Page size (bytes): 4096
	Exit status: 0
   Compiling rustc-pathogen v0.1.0 (/home/andreas/code/projects/rustc-pathogen)
    Finished dev [unoptimized + debuginfo] target(s) in 2.39s
	Command being timed: "cargo build"
	User time (seconds): 2.14
	System time (seconds): 0.30
	Percent of CPU this job got: 102%
	Elapsed (wall clock) time (h:mm:ss or m:ss): 0:02.40
	Average shared text size (kbytes): 0
	Average unshared data size (kbytes): 0
	Average stack size (kbytes): 0
	Average total size (kbytes): 0
	Maximum resident set size (kbytes): 1134776
	Average resident set size (kbytes): 0
	Major (requiring I/O) page faults: 0
	Minor (reclaiming a frame) page faults: 275785
	Voluntary context switches: 66
	Involuntary context switches: 192
	Swaps: 0
	File system inputs: 0
	File system outputs: 22496
	Socket messages sent: 0
	Socket messages received: 0
	Signals delivered: 0
	Page size (bytes): 4096
	Exit status: 0
   Compiling rustc-pathogen v0.1.0 (/home/andreas/code/projects/rustc-pathogen)
    Finished dev [unoptimized + debuginfo] target(s) in 2.48s
	Command being timed: "cargo build"
	User time (seconds): 2.24
	System time (seconds): 0.30
	Percent of CPU this job got: 102%
	Elapsed (wall clock) time (h:mm:ss or m:ss): 0:02.49
	Average shared text size (kbytes): 0
	Average unshared data size (kbytes): 0
	Average stack size (kbytes): 0
	Average total size (kbytes): 0
	Maximum resident set size (kbytes): 1185768
	Average resident set size (kbytes): 0
	Major (requiring I/O) page faults: 0
	Minor (reclaiming a frame) page faults: 288388
	Voluntary context switches: 59
	Involuntary context switches: 143
	Swaps: 0
	File system inputs: 0
	File system outputs: 23112
	Socket messages sent: 0
	Socket messages received: 0
	Signals delivered: 0
	Page size (bytes): 4096
	Exit status: 0
   Compiling rustc-pathogen v0.1.0 (/home/andreas/code/projects/rustc-pathogen)
    Finished dev [unoptimized + debuginfo] target(s) in 2.56s
	Command being timed: "cargo build"
	User time (seconds): 2.28
	System time (seconds): 0.31
	Percent of CPU this job got: 101%
	Elapsed (wall clock) time (h:mm:ss or m:ss): 0:02.57
	Average shared text size (kbytes): 0
	Average unshared data size (kbytes): 0
	Average stack size (kbytes): 0
	Average total size (kbytes): 0
	Maximum resident set size (kbytes): 1085452
	Average resident set size (kbytes): 0
	Major (requiring I/O) page faults: 0
	Minor (reclaiming a frame) page faults: 262881
	Voluntary context switches: 61
	Involuntary context switches: 2342
	Swaps: 0
	File system inputs: 0
	File system outputs: 23720
	Socket messages sent: 0
	Socket messages received: 0
	Signals delivered: 0
	Page size (bytes): 4096
	Exit status: 0
   Compiling rustc-pathogen v0.1.0 (/home/andreas/code/projects/rustc-pathogen)
    Finished dev [unoptimized + debuginfo] target(s) in 2.63s
	Command being timed: "cargo build"
	User time (seconds): 2.37
	System time (seconds): 0.32
	Percent of CPU this job got: 101%
	Elapsed (wall clock) time (h:mm:ss or m:ss): 0:02.64
	Average shared text size (kbytes): 0
	Average unshared data size (kbytes): 0
	Average stack size (kbytes): 0
	Average total size (kbytes): 0
	Maximum resident set size (kbytes): 1120900
	Average resident set size (kbytes): 0
	Major (requiring I/O) page faults: 0
	Minor (reclaiming a frame) page faults: 271810
	Voluntary context switches: 61
	Involuntary context switches: 209
	Swaps: 0
	File system inputs: 0
	File system outputs: 24328
	Socket messages sent: 0
	Socket messages received: 0
	Signals delivered: 0
	Page size (bytes): 4096
	Exit status: 0
   Compiling rustc-pathogen v0.1.0 (/home/andreas/code/projects/rustc-pathogen)
    Finished dev [unoptimized + debuginfo] target(s) in 2.78s
	Command being timed: "cargo build"
	User time (seconds): 2.43
	System time (seconds): 0.42
	Percent of CPU this job got: 102%
	Elapsed (wall clock) time (h:mm:ss or m:ss): 0:02.79
	Average shared text size (kbytes): 0
	Average unshared data size (kbytes): 0
	Average stack size (kbytes): 0
	Average total size (kbytes): 0
	Maximum resident set size (kbytes): 1218368
	Average resident set size (kbytes): 0
	Major (requiring I/O) page faults: 0
	Minor (reclaiming a frame) page faults: 305380
	Voluntary context switches: 62
	Involuntary context switches: 217
	Swaps: 0
	File system inputs: 0
	File system outputs: 24944
	Socket messages sent: 0
	Socket messages received: 0
	Signals delivered: 0
	Page size (bytes): 4096
	Exit status: 0
   Compiling rustc-pathogen v0.1.0 (/home/andreas/code/projects/rustc-pathogen)
    Finished dev [unoptimized + debuginfo] target(s) in 2.86s
	Command being timed: "cargo build"
	User time (seconds): 2.57
	System time (seconds): 0.37
	Percent of CPU this job got: 102%
	Elapsed (wall clock) time (h:mm:ss or m:ss): 0:02.87
	Average shared text size (kbytes): 0
	Average unshared data size (kbytes): 0
	Average stack size (kbytes): 0
	Average total size (kbytes): 0
	Maximum resident set size (kbytes): 1298616
	Average resident set size (kbytes): 0
	Major (requiring I/O) page faults: 0
	Minor (reclaiming a frame) page faults: 316728
	Voluntary context switches: 62
	Involuntary context switches: 54
	Swaps: 0
	File system inputs: 0
	File system outputs: 25552
	Socket messages sent: 0
	Socket messages received: 0
	Signals delivered: 0
	Page size (bytes): 4096
	Exit status: 0
   Compiling rustc-pathogen v0.1.0 (/home/andreas/code/projects/rustc-pathogen)
    Finished dev [unoptimized + debuginfo] target(s) in 3.00s
	Command being timed: "cargo build"
	User time (seconds): 2.67
	System time (seconds): 0.36
	Percent of CPU this job got: 100%
	Elapsed (wall clock) time (h:mm:ss or m:ss): 0:03.01
	Average shared text size (kbytes): 0
	Average unshared data size (kbytes): 0
	Average stack size (kbytes): 0
	Average total size (kbytes): 0
	Maximum resident set size (kbytes): 1373860
	Average resident set size (kbytes): 0
	Major (requiring I/O) page faults: 0
	Minor (reclaiming a frame) page faults: 338611
	Voluntary context switches: 61
	Involuntary context switches: 2813
	Swaps: 0
	File system inputs: 0
	File system outputs: 26152
	Socket messages sent: 0
	Socket messages received: 0
	Signals delivered: 0
	Page size (bytes): 4096
	Exit status: 0
   Compiling rustc-pathogen v0.1.0 (/home/andreas/code/projects/rustc-pathogen)
    Finished dev [unoptimized + debuginfo] target(s) in 3.11s
	Command being timed: "cargo build"
	User time (seconds): 2.77
	System time (seconds): 0.40
	Percent of CPU this job got: 102%
	Elapsed (wall clock) time (h:mm:ss or m:ss): 0:03.11
	Average shared text size (kbytes): 0
	Average unshared data size (kbytes): 0
	Average stack size (kbytes): 0
	Average total size (kbytes): 0
	Maximum resident set size (kbytes): 1416984
	Average resident set size (kbytes): 0
	Major (requiring I/O) page faults: 0
	Minor (reclaiming a frame) page faults: 347305
	Voluntary context switches: 63
	Involuntary context switches: 291
	Swaps: 0
	File system inputs: 0
	File system outputs: 26768
	Socket messages sent: 0
	Socket messages received: 0
	Signals delivered: 0
	Page size (bytes): 4096
	Exit status: 0
   Compiling rustc-pathogen v0.1.0 (/home/andreas/code/projects/rustc-pathogen)
    Finished dev [unoptimized + debuginfo] target(s) in 3.35s
	Command being timed: "cargo build"
	User time (seconds): 2.93
	System time (seconds): 0.47
	Percent of CPU this job got: 101%
	Elapsed (wall clock) time (h:mm:ss or m:ss): 0:03.36
	Average shared text size (kbytes): 0
	Average unshared data size (kbytes): 0
	Average stack size (kbytes): 0
	Average total size (kbytes): 0
	Maximum resident set size (kbytes): 1554736
	Average resident set size (kbytes): 0
	Major (requiring I/O) page faults: 0
	Minor (reclaiming a frame) page faults: 390482
	Voluntary context switches: 58
	Involuntary context switches: 295
	Swaps: 0
	File system inputs: 0
	File system outputs: 27376
	Socket messages sent: 0
	Socket messages received: 0
	Signals delivered: 0
	Page size (bytes): 4096
	Exit status: 0
   Compiling rustc-pathogen v0.1.0 (/home/andreas/code/projects/rustc-pathogen)
    Finished dev [unoptimized + debuginfo] target(s) in 3.65s
	Command being timed: "cargo build"
	User time (seconds): 3.17
	System time (seconds): 0.55
	Percent of CPU this job got: 102%
	Elapsed (wall clock) time (h:mm:ss or m:ss): 0:03.65
	Average shared text size (kbytes): 0
	Average unshared data size (kbytes): 0
	Average stack size (kbytes): 0
	Average total size (kbytes): 0
	Maximum resident set size (kbytes): 1910392
	Average resident set size (kbytes): 0
	Major (requiring I/O) page faults: 0
	Minor (reclaiming a frame) page faults: 469115
	Voluntary context switches: 59
	Involuntary context switches: 98
	Swaps: 0
	File system inputs: 0
	File system outputs: 27984
	Socket messages sent: 0
	Socket messages received: 0
	Signals delivered: 0
	Page size (bytes): 4096
	Exit status: 0
   Compiling rustc-pathogen v0.1.0 (/home/andreas/code/projects/rustc-pathogen)
    Finished dev [unoptimized + debuginfo] target(s) in 3.75s
	Command being timed: "cargo build"
	User time (seconds): 3.25
	System time (seconds): 0.52
	Percent of CPU this job got: 100%
	Elapsed (wall clock) time (h:mm:ss or m:ss): 0:03.76
	Average shared text size (kbytes): 0
	Average unshared data size (kbytes): 0
	Average stack size (kbytes): 0
	Average total size (kbytes): 0
	Maximum resident set size (kbytes): 1902248
	Average resident set size (kbytes): 0
	Major (requiring I/O) page faults: 0
	Minor (reclaiming a frame) page faults: 467108
	Voluntary context switches: 58
	Involuntary context switches: 3540
	Swaps: 0
	File system inputs: 0
	File system outputs: 28608
	Socket messages sent: 0
	Socket messages received: 0
	Signals delivered: 0
	Page size (bytes): 4096
	Exit status: 0
   Compiling rustc-pathogen v0.1.0 (/home/andreas/code/projects/rustc-pathogen)
    Finished dev [unoptimized + debuginfo] target(s) in 3.91s
	Command being timed: "cargo build"
	User time (seconds): 3.36
	System time (seconds): 0.57
	Percent of CPU this job got: 100%
	Elapsed (wall clock) time (h:mm:ss or m:ss): 0:03.92
	Average shared text size (kbytes): 0
	Average unshared data size (kbytes): 0
	Average stack size (kbytes): 0
	Average total size (kbytes): 0
	Maximum resident set size (kbytes): 2089076
	Average resident set size (kbytes): 0
	Major (requiring I/O) page faults: 0
	Minor (reclaiming a frame) page faults: 525828
	Voluntary context switches: 65
	Involuntary context switches: 3694
	Swaps: 0
	File system inputs: 0
	File system outputs: 29216
	Socket messages sent: 0
	Socket messages received: 0
	Signals delivered: 0
	Page size (bytes): 4096
	Exit status: 0
   Compiling rustc-pathogen v0.1.0 (/home/andreas/code/projects/rustc-pathogen)
    Finished dev [unoptimized + debuginfo] target(s) in 3.93s
	Command being timed: "cargo build"
	User time (seconds): 3.39
	System time (seconds): 0.64
	Percent of CPU this job got: 102%
	Elapsed (wall clock) time (h:mm:ss or m:ss): 0:03.94
	Average shared text size (kbytes): 0
	Average unshared data size (kbytes): 0
	Average stack size (kbytes): 0
	Average total size (kbytes): 0
	Maximum resident set size (kbytes): 2243968
	Average resident set size (kbytes): 0
	Major (requiring I/O) page faults: 0
	Minor (reclaiming a frame) page faults: 553387
	Voluntary context switches: 61
	Involuntary context switches: 203
	Swaps: 0
	File system inputs: 0
	File system outputs: 29824
	Socket messages sent: 0
	Socket messages received: 0
	Signals delivered: 0
	Page size (bytes): 4096
	Exit status: 0
   Compiling rustc-pathogen v0.1.0 (/home/andreas/code/projects/rustc-pathogen)
    Finished dev [unoptimized + debuginfo] target(s) in 3.98s
	Command being timed: "cargo build"
	User time (seconds): 3.52
	System time (seconds): 0.53
	Percent of CPU this job got: 101%
	Elapsed (wall clock) time (h:mm:ss or m:ss): 0:03.99
	Average shared text size (kbytes): 0
	Average unshared data size (kbytes): 0
	Average stack size (kbytes): 0
	Average total size (kbytes): 0
	Maximum resident set size (kbytes): 2077368
	Average resident set size (kbytes): 0
	Major (requiring I/O) page faults: 0
	Minor (reclaiming a frame) page faults: 524275
	Voluntary context switches: 60
	Involuntary context switches: 170
	Swaps: 0
	File system inputs: 0
	File system outputs: 30448
	Socket messages sent: 0
	Socket messages received: 0
	Signals delivered: 0
	Page size (bytes): 4096
	Exit status: 0
   Compiling rustc-pathogen v0.1.0 (/home/andreas/code/projects/rustc-pathogen)
    Finished dev [unoptimized + debuginfo] target(s) in 4.07s
	Command being timed: "cargo build"
	User time (seconds): 3.53
	System time (seconds): 0.63
	Percent of CPU this job got: 102%
	Elapsed (wall clock) time (h:mm:ss or m:ss): 0:04.07
	Average shared text size (kbytes): 0
	Average unshared data size (kbytes): 0
	Average stack size (kbytes): 0
	Average total size (kbytes): 0
	Maximum resident set size (kbytes): 2116052
	Average resident set size (kbytes): 0
	Major (requiring I/O) page faults: 0
	Minor (reclaiming a frame) page faults: 522153
	Voluntary context switches: 59
	Involuntary context switches: 280
	Swaps: 0
	File system inputs: 0
	File system outputs: 31048
	Socket messages sent: 0
	Socket messages received: 0
	Signals delivered: 0
	Page size (bytes): 4096
	Exit status: 0
   Compiling rustc-pathogen v0.1.0 (/home/andreas/code/projects/rustc-pathogen)
    Finished dev [unoptimized + debuginfo] target(s) in 4.19s
	Command being timed: "cargo build"
	User time (seconds): 3.65
	System time (seconds): 0.64
	Percent of CPU this job got: 102%
	Elapsed (wall clock) time (h:mm:ss or m:ss): 0:04.20
	Average shared text size (kbytes): 0
	Average unshared data size (kbytes): 0
	Average stack size (kbytes): 0
	Average total size (kbytes): 0
	Maximum resident set size (kbytes): 2225960
	Average resident set size (kbytes): 0
	Major (requiring I/O) page faults: 0
	Minor (reclaiming a frame) page faults: 549454
	Voluntary context switches: 59
	Involuntary context switches: 243
	Swaps: 0
	File system inputs: 0
	File system outputs: 31664
	Socket messages sent: 0
	Socket messages received: 0
	Signals delivered: 0
	Page size (bytes): 4096
	Exit status: 0
   Compiling rustc-pathogen v0.1.0 (/home/andreas/code/projects/rustc-pathogen)
    Finished dev [unoptimized + debuginfo] target(s) in 4.34s
	Command being timed: "cargo build"
	User time (seconds): 3.79
	System time (seconds): 0.64
	Percent of CPU this job got: 102%
	Elapsed (wall clock) time (h:mm:ss or m:ss): 0:04.34
	Average shared text size (kbytes): 0
	Average unshared data size (kbytes): 0
	Average stack size (kbytes): 0
	Average total size (kbytes): 0
	Maximum resident set size (kbytes): 2333244
	Average resident set size (kbytes): 0
	Major (requiring I/O) page faults: 0
	Minor (reclaiming a frame) page faults: 576345
	Voluntary context switches: 59
	Involuntary context switches: 161
	Swaps: 0
	File system inputs: 0
	File system outputs: 32288
	Socket messages sent: 0
	Socket messages received: 0
	Signals delivered: 0
	Page size (bytes): 4096
	Exit status: 0
   Compiling rustc-pathogen v0.1.0 (/home/andreas/code/projects/rustc-pathogen)
    Finished dev [unoptimized + debuginfo] target(s) in 4.50s
	Command being timed: "cargo build"
	User time (seconds): 3.92
	System time (seconds): 0.65
	Percent of CPU this job got: 101%
	Elapsed (wall clock) time (h:mm:ss or m:ss): 0:04.51
	Average shared text size (kbytes): 0
	Average unshared data size (kbytes): 0
	Average stack size (kbytes): 0
	Average total size (kbytes): 0
	Maximum resident set size (kbytes): 2367044
	Average resident set size (kbytes): 0
	Major (requiring I/O) page faults: 0
	Minor (reclaiming a frame) page faults: 584678
	Voluntary context switches: 57
	Involuntary context switches: 168
	Swaps: 0
	File system inputs: 0
	File system outputs: 32896
	Socket messages sent: 0
	Socket messages received: 0
	Signals delivered: 0
	Page size (bytes): 4096
	Exit status: 0
   Compiling rustc-pathogen v0.1.0 (/home/andreas/code/projects/rustc-pathogen)
    Finished dev [unoptimized + debuginfo] target(s) in 4.51s
	Command being timed: "cargo build"
	User time (seconds): 3.95
	System time (seconds): 0.65
	Percent of CPU this job got: 101%
	Elapsed (wall clock) time (h:mm:ss or m:ss): 0:04.51
	Average shared text size (kbytes): 0
	Average unshared data size (kbytes): 0
	Average stack size (kbytes): 0
	Average total size (kbytes): 0
	Maximum resident set size (kbytes): 2378496
	Average resident set size (kbytes): 0
	Major (requiring I/O) page faults: 0
	Minor (reclaiming a frame) page faults: 611299
	Voluntary context switches: 66
	Involuntary context switches: 239
	Swaps: 0
	File system inputs: 0
	File system outputs: 33504
	Socket messages sent: 0
	Socket messages received: 0
	Signals delivered: 0
	Page size (bytes): 4096
	Exit status: 0
   Compiling rustc-pathogen v0.1.0 (/home/andreas/code/projects/rustc-pathogen)
    Finished dev [unoptimized + debuginfo] target(s) in 4.86s
	Command being timed: "cargo build"
	User time (seconds): 4.13
	System time (seconds): 0.76
	Percent of CPU this job got: 100%
	Elapsed (wall clock) time (h:mm:ss or m:ss): 0:04.87
	Average shared text size (kbytes): 0
	Average unshared data size (kbytes): 0
	Average stack size (kbytes): 0
	Average total size (kbytes): 0
	Maximum resident set size (kbytes): 2772740
	Average resident set size (kbytes): 0
	Major (requiring I/O) page faults: 0
	Minor (reclaiming a frame) page faults: 734111
	Voluntary context switches: 59
	Involuntary context switches: 4481
	Swaps: 0
	File system inputs: 0
	File system outputs: 34128
	Socket messages sent: 0
	Socket messages received: 0
	Signals delivered: 0
	Page size (bytes): 4096
	Exit status: 0
   Compiling rustc-pathogen v0.1.0 (/home/andreas/code/projects/rustc-pathogen)
    Finished dev [unoptimized + debuginfo] target(s) in 4.91s
	Command being timed: "cargo build"
	User time (seconds): 4.14
	System time (seconds): 0.87
	Percent of CPU this job got: 101%
	Elapsed (wall clock) time (h:mm:ss or m:ss): 0:04.92
	Average shared text size (kbytes): 0
	Average unshared data size (kbytes): 0
	Average stack size (kbytes): 0
	Average total size (kbytes): 0
	Maximum resident set size (kbytes): 3030720
	Average resident set size (kbytes): 0
	Major (requiring I/O) page faults: 0
	Minor (reclaiming a frame) page faults: 781359
	Voluntary context switches: 62
	Involuntary context switches: 76
	Swaps: 0
	File system inputs: 0
	File system outputs: 34736
	Socket messages sent: 0
	Socket messages received: 0
	Signals delivered: 0
	Page size (bytes): 4096
	Exit status: 0
   Compiling rustc-pathogen v0.1.0 (/home/andreas/code/projects/rustc-pathogen)
    Finished dev [unoptimized + debuginfo] target(s) in 4.96s
	Command being timed: "cargo build"
	User time (seconds): 4.11
	System time (seconds): 0.87
	Percent of CPU this job got: 100%
	Elapsed (wall clock) time (h:mm:ss or m:ss): 0:04.96
	Average shared text size (kbytes): 0
	Average unshared data size (kbytes): 0
	Average stack size (kbytes): 0
	Average total size (kbytes): 0
	Maximum resident set size (kbytes): 3089512
	Average resident set size (kbytes): 0
	Major (requiring I/O) page faults: 0
	Minor (reclaiming a frame) page faults: 768328
	Voluntary context switches: 62
	Involuntary context switches: 4655
	Swaps: 0
	File system inputs: 0
	File system outputs: 35344
	Socket messages sent: 0
	Socket messages received: 0
	Signals delivered: 0
	Page size (bytes): 4096
	Exit status: 0
   Compiling rustc-pathogen v0.1.0 (/home/andreas/code/projects/rustc-pathogen)
    Finished dev [unoptimized + debuginfo] target(s) in 5.16s
	Command being timed: "cargo build"
	User time (seconds): 4.30
	System time (seconds): 0.93
	Percent of CPU this job got: 101%
	Elapsed (wall clock) time (h:mm:ss or m:ss): 0:05.17
	Average shared text size (kbytes): 0
	Average unshared data size (kbytes): 0
	Average stack size (kbytes): 0
	Average total size (kbytes): 0
	Maximum resident set size (kbytes): 3163212
	Average resident set size (kbytes): 0
	Major (requiring I/O) page faults: 0
	Minor (reclaiming a frame) page faults: 841807
	Voluntary context switches: 63
	Involuntary context switches: 197
	Swaps: 0
	File system inputs: 0
	File system outputs: 35960
	Socket messages sent: 0
	Socket messages received: 0
	Signals delivered: 0
	Page size (bytes): 4096
	Exit status: 0
   Compiling rustc-pathogen v0.1.0 (/home/andreas/code/projects/rustc-pathogen)
    Finished dev [unoptimized + debuginfo] target(s) in 5.28s
	Command being timed: "cargo build"
	User time (seconds): 4.43
	System time (seconds): 0.96
	Percent of CPU this job got: 101%
	Elapsed (wall clock) time (h:mm:ss or m:ss): 0:05.29
	Average shared text size (kbytes): 0
	Average unshared data size (kbytes): 0
	Average stack size (kbytes): 0
	Average total size (kbytes): 0
	Maximum resident set size (kbytes): 3300112
	Average resident set size (kbytes): 0
	Major (requiring I/O) page faults: 0
	Minor (reclaiming a frame) page faults: 864896
	Voluntary context switches: 63
	Involuntary context switches: 112
	Swaps: 0
	File system inputs: 0
	File system outputs: 36568
	Socket messages sent: 0
	Socket messages received: 0
	Signals delivered: 0
	Page size (bytes): 4096
	Exit status: 0
   Compiling rustc-pathogen v0.1.0 (/home/andreas/code/projects/rustc-pathogen)
    Finished dev [unoptimized + debuginfo] target(s) in 5.40s
	Command being timed: "cargo build"
	User time (seconds): 4.48
	System time (seconds): 1.00
	Percent of CPU this job got: 101%
	Elapsed (wall clock) time (h:mm:ss or m:ss): 0:05.41
	Average shared text size (kbytes): 0
	Average unshared data size (kbytes): 0
	Average stack size (kbytes): 0
	Average total size (kbytes): 0
	Maximum resident set size (kbytes): 3331444
	Average resident set size (kbytes): 0
	Major (requiring I/O) page faults: 0
	Minor (reclaiming a frame) page faults: 885494
	Voluntary context switches: 61
	Involuntary context switches: 165
	Swaps: 0
	File system inputs: 0
	File system outputs: 37176
	Socket messages sent: 0
	Socket messages received: 0
	Signals delivered: 0
	Page size (bytes): 4096
	Exit status: 0
   Compiling rustc-pathogen v0.1.0 (/home/andreas/code/projects/rustc-pathogen)
    Finished dev [unoptimized + debuginfo] target(s) in 5.52s
	Command being timed: "cargo build"
	User time (seconds): 4.57
	System time (seconds): 1.06
	Percent of CPU this job got: 101%
	Elapsed (wall clock) time (h:mm:ss or m:ss): 0:05.53
	Average shared text size (kbytes): 0
	Average unshared data size (kbytes): 0
	Average stack size (kbytes): 0
	Average total size (kbytes): 0
	Maximum resident set size (kbytes): 3377228
	Average resident set size (kbytes): 0
	Major (requiring I/O) page faults: 0
	Minor (reclaiming a frame) page faults: 911642
	Voluntary context switches: 59
	Involuntary context switches: 413
	Swaps: 0
	File system inputs: 0
	File system outputs: 37792
	Socket messages sent: 0
	Socket messages received: 0
	Signals delivered: 0
	Page size (bytes): 4096
	Exit status: 0
   Compiling rustc-pathogen v0.1.0 (/home/andreas/code/projects/rustc-pathogen)
    Finished dev [unoptimized + debuginfo] target(s) in 5.63s
	Command being timed: "cargo build"
	User time (seconds): 4.72
	System time (seconds): 1.01
	Percent of CPU this job got: 101%
	Elapsed (wall clock) time (h:mm:ss or m:ss): 0:05.64
	Average shared text size (kbytes): 0
	Average unshared data size (kbytes): 0
	Average stack size (kbytes): 0
	Average total size (kbytes): 0
	Maximum resident set size (kbytes): 3627512
	Average resident set size (kbytes): 0
	Major (requiring I/O) page faults: 0
	Minor (reclaiming a frame) page faults: 909086
	Voluntary context switches: 60
	Involuntary context switches: 432
	Swaps: 0
	File system inputs: 0
	File system outputs: 38408
	Socket messages sent: 0
	Socket messages received: 0
	Signals delivered: 0
	Page size (bytes): 4096
	Exit status: 0
   Compiling rustc-pathogen v0.1.0 (/home/andreas/code/projects/rustc-pathogen)
    Finished dev [unoptimized + debuginfo] target(s) in 5.71s
	Command being timed: "cargo build"
	User time (seconds): 4.73
	System time (seconds): 1.02
	Percent of CPU this job got: 100%
	Elapsed (wall clock) time (h:mm:ss or m:ss): 0:05.72
	Average shared text size (kbytes): 0
	Average unshared data size (kbytes): 0
	Average stack size (kbytes): 0
	Average total size (kbytes): 0
	Maximum resident set size (kbytes): 3707688
	Average resident set size (kbytes): 0
	Major (requiring I/O) page faults: 0
	Minor (reclaiming a frame) page faults: 964356
	Voluntary context switches: 62
	Involuntary context switches: 5363
	Swaps: 0
	File system inputs: 0
	File system outputs: 39016
	Socket messages sent: 0
	Socket messages received: 0
	Signals delivered: 0
	Page size (bytes): 4096
	Exit status: 0
   Compiling rustc-pathogen v0.1.0 (/home/andreas/code/projects/rustc-pathogen)
    Finished dev [unoptimized + debuginfo] target(s) in 5.93s
	Command being timed: "cargo build"
	User time (seconds): 4.93
	System time (seconds): 1.10
	Percent of CPU this job got: 101%
	Elapsed (wall clock) time (h:mm:ss or m:ss): 0:05.93
	Average shared text size (kbytes): 0
	Average unshared data size (kbytes): 0
	Average stack size (kbytes): 0
	Average total size (kbytes): 0
	Maximum resident set size (kbytes): 3735100
	Average resident set size (kbytes): 0
	Major (requiring I/O) page faults: 0
	Minor (reclaiming a frame) page faults: 997512
	Voluntary context switches: 57
	Involuntary context switches: 416
	Swaps: 0
	File system inputs: 0
	File system outputs: 39632
	Socket messages sent: 0
	Socket messages received: 0
	Signals delivered: 0
	Page size (bytes): 4096
	Exit status: 0
   Compiling rustc-pathogen v0.1.0 (/home/andreas/code/projects/rustc-pathogen)
    Finished dev [unoptimized + debuginfo] target(s) in 6.05s
	Command being timed: "cargo build"
	User time (seconds): 5.04
	System time (seconds): 1.12
	Percent of CPU this job got: 101%
	Elapsed (wall clock) time (h:mm:ss or m:ss): 0:06.05
	Average shared text size (kbytes): 0
	Average unshared data size (kbytes): 0
	Average stack size (kbytes): 0
	Average total size (kbytes): 0
	Maximum resident set size (kbytes): 3944020
	Average resident set size (kbytes): 0
	Major (requiring I/O) page faults: 0
	Minor (reclaiming a frame) page faults: 995464
	Voluntary context switches: 61
	Involuntary context switches: 316
	Swaps: 0
	File system inputs: 0
	File system outputs: 40248
	Socket messages sent: 0
	Socket messages received: 0
	Signals delivered: 0
	Page size (bytes): 4096
	Exit status: 0
   Compiling rustc-pathogen v0.1.0 (/home/andreas/code/projects/rustc-pathogen)
    Finished dev [unoptimized + debuginfo] target(s) in 6.22s
	Command being timed: "cargo build"
	User time (seconds): 5.19
	System time (seconds): 1.12
	Percent of CPU this job got: 101%
	Elapsed (wall clock) time (h:mm:ss or m:ss): 0:06.23
	Average shared text size (kbytes): 0
	Average unshared data size (kbytes): 0
	Average stack size (kbytes): 0
	Average total size (kbytes): 0
	Maximum resident set size (kbytes): 3926092
	Average resident set size (kbytes): 0
	Major (requiring I/O) page faults: 0
	Minor (reclaiming a frame) page faults: 1014211
	Voluntary context switches: 60
	Involuntary context switches: 527
	Swaps: 0
	File system inputs: 0
	File system outputs: 40856
	Socket messages sent: 0
	Socket messages received: 0
	Signals delivered: 0
	Page size (bytes): 4096
	Exit status: 0
   Compiling rustc-pathogen v0.1.0 (/home/andreas/code/projects/rustc-pathogen)
    Finished dev [unoptimized + debuginfo] target(s) in 6.39s
	Command being timed: "cargo build"
	User time (seconds): 5.42
	System time (seconds): 1.09
	Percent of CPU this job got: 101%
	Elapsed (wall clock) time (h:mm:ss or m:ss): 0:06.40
	Average shared text size (kbytes): 0
	Average unshared data size (kbytes): 0
	Average stack size (kbytes): 0
	Average total size (kbytes): 0
	Maximum resident set size (kbytes): 3851128
	Average resident set size (kbytes): 0
	Major (requiring I/O) page faults: 0
	Minor (reclaiming a frame) page faults: 976301
	Voluntary context switches: 59
	Involuntary context switches: 206
	Swaps: 0
	File system inputs: 0
	File system outputs: 41464
	Socket messages sent: 0
	Socket messages received: 0
	Signals delivered: 0
	Page size (bytes): 4096
	Exit status: 0
   Compiling rustc-pathogen v0.1.0 (/home/andreas/code/projects/rustc-pathogen)
    Finished dev [unoptimized + debuginfo] target(s) in 6.44s
	Command being timed: "cargo build"
	User time (seconds): 5.46
	System time (seconds): 1.06
	Percent of CPU this job got: 101%
	Elapsed (wall clock) time (h:mm:ss or m:ss): 0:06.45
	Average shared text size (kbytes): 0
	Average unshared data size (kbytes): 0
	Average stack size (kbytes): 0
	Average total size (kbytes): 0
	Maximum resident set size (kbytes): 3900120
	Average resident set size (kbytes): 0
	Major (requiring I/O) page faults: 0
	Minor (reclaiming a frame) page faults: 986509
	Voluntary context switches: 60
	Involuntary context switches: 540
	Swaps: 0
	File system inputs: 0
	File system outputs: 42088
	Socket messages sent: 0
	Socket messages received: 0
	Signals delivered: 0
	Page size (bytes): 4096
	Exit status: 0
   Compiling rustc-pathogen v0.1.0 (/home/andreas/code/projects/rustc-pathogen)
    Finished dev [unoptimized + debuginfo] target(s) in 6.52s
	Command being timed: "cargo build"
	User time (seconds): 5.48
	System time (seconds): 1.06
	Percent of CPU this job got: 100%
	Elapsed (wall clock) time (h:mm:ss or m:ss): 0:06.53
	Average shared text size (kbytes): 0
	Average unshared data size (kbytes): 0
	Average stack size (kbytes): 0
	Average total size (kbytes): 0
	Maximum resident set size (kbytes): 3866108
	Average resident set size (kbytes): 0
	Major (requiring I/O) page faults: 0
	Minor (reclaiming a frame) page faults: 1000731
	Voluntary context switches: 63
	Involuntary context switches: 6107
	Swaps: 0
	File system inputs: 0
	File system outputs: 42696
	Socket messages sent: 0
	Socket messages received: 0
	Signals delivered: 0
	Page size (bytes): 4096
	Exit status: 0
   Compiling rustc-pathogen v0.1.0 (/home/andreas/code/projects/rustc-pathogen)
    Finished dev [unoptimized + debuginfo] target(s) in 6.61s
	Command being timed: "cargo build"
	User time (seconds): 5.59
	System time (seconds): 1.06
	Percent of CPU this job got: 100%
	Elapsed (wall clock) time (h:mm:ss or m:ss): 0:06.62
	Average shared text size (kbytes): 0
	Average unshared data size (kbytes): 0
	Average stack size (kbytes): 0
	Average total size (kbytes): 0
	Maximum resident set size (kbytes): 4028644
	Average resident set size (kbytes): 0
	Major (requiring I/O) page faults: 3
	Minor (reclaiming a frame) page faults: 1003139
	Voluntary context switches: 64
	Involuntary context switches: 6256
	Swaps: 0
	File system inputs: 312
	File system outputs: 43304
	Socket messages sent: 0
	Socket messages received: 0
	Signals delivered: 0
	Page size (bytes): 4096
	Exit status: 0
   Compiling rustc-pathogen v0.1.0 (/home/andreas/code/projects/rustc-pathogen)
    Finished dev [unoptimized + debuginfo] target(s) in 6.80s
	Command being timed: "cargo build"
	User time (seconds): 5.66
	System time (seconds): 1.18
	Percent of CPU this job got: 100%
	Elapsed (wall clock) time (h:mm:ss or m:ss): 0:06.81
	Average shared text size (kbytes): 0
	Average unshared data size (kbytes): 0
	Average stack size (kbytes): 0
	Average total size (kbytes): 0
	Maximum resident set size (kbytes): 4161276
	Average resident set size (kbytes): 0
	Major (requiring I/O) page faults: 0
	Minor (reclaiming a frame) page faults: 1053204
	Voluntary context switches: 60
	Involuntary context switches: 6275
	Swaps: 0
	File system inputs: 0
	File system outputs: 43928
	Socket messages sent: 0
	Socket messages received: 0
	Signals delivered: 0
	Page size (bytes): 4096
	Exit status: 0
   Compiling rustc-pathogen v0.1.0 (/home/andreas/code/projects/rustc-pathogen)
    Finished dev [unoptimized + debuginfo] target(s) in 6.97s
	Command being timed: "cargo build"
	User time (seconds): 5.89
	System time (seconds): 1.18
	Percent of CPU this job got: 101%
	Elapsed (wall clock) time (h:mm:ss or m:ss): 0:06.99
	Average shared text size (kbytes): 0
	Average unshared data size (kbytes): 0
	Average stack size (kbytes): 0
	Average total size (kbytes): 0
	Maximum resident set size (kbytes): 4267324
	Average resident set size (kbytes): 0
	Major (requiring I/O) page faults: 14
	Minor (reclaiming a frame) page faults: 1061934
	Voluntary context switches: 73
	Involuntary context switches: 358
	Swaps: 0
	File system inputs: 1360
	File system outputs: 44536
	Socket messages sent: 0
	Socket messages received: 0
	Signals delivered: 0
	Page size (bytes): 4096
	Exit status: 0
   Compiling rustc-pathogen v0.1.0 (/home/andreas/code/projects/rustc-pathogen)
    Finished dev [unoptimized + debuginfo] target(s) in 7.09s
	Command being timed: "cargo build"
	User time (seconds): 6.08
	System time (seconds): 1.13
	Percent of CPU this job got: 101%
	Elapsed (wall clock) time (h:mm:ss or m:ss): 0:07.10
	Average shared text size (kbytes): 0
	Average unshared data size (kbytes): 0
	Average stack size (kbytes): 0
	Average total size (kbytes): 0
	Maximum resident set size (kbytes): 4399532
	Average resident set size (kbytes): 0
	Major (requiring I/O) page faults: 4
	Minor (reclaiming a frame) page faults: 1095142
	Voluntary context switches: 65
	Involuntary context switches: 594
	Swaps: 0
	File system inputs: 256
	File system outputs: 45144
	Socket messages sent: 0
	Socket messages received: 0
	Signals delivered: 0
	Page size (bytes): 4096
	Exit status: 0
   Compiling rustc-pathogen v0.1.0 (/home/andreas/code/projects/rustc-pathogen)
    Finished dev [unoptimized + debuginfo] target(s) in 7.55s
	Command being timed: "cargo build"
	User time (seconds): 6.21
	System time (seconds): 1.32
	Percent of CPU this job got: 99%
	Elapsed (wall clock) time (h:mm:ss or m:ss): 0:07.60
	Average shared text size (kbytes): 0
	Average unshared data size (kbytes): 0
	Average stack size (kbytes): 0
	Average total size (kbytes): 0
	Maximum resident set size (kbytes): 4404852
	Average resident set size (kbytes): 0
	Major (requiring I/O) page faults: 15
	Minor (reclaiming a frame) page faults: 1183883
	Voluntary context switches: 111
	Involuntary context switches: 401
	Swaps: 0
	File system inputs: 11432
	File system outputs: 45768
	Socket messages sent: 0
	Socket messages received: 0
	Signals delivered: 0
	Page size (bytes): 4096
	Exit status: 0
   Compiling rustc-pathogen v0.1.0 (/home/andreas/code/projects/rustc-pathogen)
    Finished dev [unoptimized + debuginfo] target(s) in 8.84s
	Command being timed: "cargo build"
	User time (seconds): 6.33
	System time (seconds): 1.42
	Percent of CPU this job got: 87%
	Elapsed (wall clock) time (h:mm:ss or m:ss): 0:08.87
	Average shared text size (kbytes): 0
	Average unshared data size (kbytes): 0
	Average stack size (kbytes): 0
	Average total size (kbytes): 0
	Maximum resident set size (kbytes): 4709480
	Average resident set size (kbytes): 0
	Major (requiring I/O) page faults: 243
	Minor (reclaiming a frame) page faults: 1198361
	Voluntary context switches: 552
	Involuntary context switches: 1548
	Swaps: 0
	File system inputs: 74152
	File system outputs: 46376
	Socket messages sent: 0
	Socket messages received: 0
	Signals delivered: 0
	Page size (bytes): 4096
	Exit status: 0
   Compiling rustc-pathogen v0.1.0 (/home/andreas/code/projects/rustc-pathogen)
    Finished dev [unoptimized + debuginfo] target(s) in 8.54s
	Command being timed: "cargo build"
	User time (seconds): 6.53
	System time (seconds): 1.44
	Percent of CPU this job got: 92%
	Elapsed (wall clock) time (h:mm:ss or m:ss): 0:08.67
	Average shared text size (kbytes): 0
	Average unshared data size (kbytes): 0
	Average stack size (kbytes): 0
	Average total size (kbytes): 0
	Maximum resident set size (kbytes): 4649448
	Average resident set size (kbytes): 0
	Major (requiring I/O) page faults: 163
	Minor (reclaiming a frame) page faults: 1246872
	Voluntary context switches: 319
	Involuntary context switches: 986
	Swaps: 0
	File system inputs: 53296
	File system outputs: 46984
	Socket messages sent: 0
	Socket messages received: 0
	Signals delivered: 0
	Page size (bytes): 4096
	Exit status: 0
   Compiling rustc-pathogen v0.1.0 (/home/andreas/code/projects/rustc-pathogen)
    Finished dev [unoptimized + debuginfo] target(s) in 8.61s
	Command being timed: "cargo build"
	User time (seconds): 6.61
	System time (seconds): 1.45
	Percent of CPU this job got: 93%
	Elapsed (wall clock) time (h:mm:ss or m:ss): 0:08.64
	Average shared text size (kbytes): 0
	Average unshared data size (kbytes): 0
	Average stack size (kbytes): 0
	Average total size (kbytes): 0
	Maximum resident set size (kbytes): 4976304
	Average resident set size (kbytes): 0
	Major (requiring I/O) page faults: 60
	Minor (reclaiming a frame) page faults: 1247765
	Voluntary context switches: 380
	Involuntary context switches: 7714
	Swaps: 0
	File system inputs: 26400
	File system outputs: 47600
	Socket messages sent: 0
	Socket messages received: 0
	Signals delivered: 0
	Page size (bytes): 4096
	Exit status: 0
   Compiling rustc-pathogen v0.1.0 (/home/andreas/code/projects/rustc-pathogen)
    Finished dev [unoptimized + debuginfo] target(s) in 10.50s
	Command being timed: "cargo build"
	User time (seconds): 6.89
	System time (seconds): 1.51
	Percent of CPU this job got: 78%
	Elapsed (wall clock) time (h:mm:ss or m:ss): 0:10.71
	Average shared text size (kbytes): 0
	Average unshared data size (kbytes): 0
	Average stack size (kbytes): 0
	Average total size (kbytes): 0
	Maximum resident set size (kbytes): 4857808
	Average resident set size (kbytes): 0
	Major (requiring I/O) page faults: 267
	Minor (reclaiming a frame) page faults: 1288514
	Voluntary context switches: 471
	Involuntary context switches: 399
	Swaps: 0
	File system inputs: 80712
	File system outputs: 48216
	Socket messages sent: 0
	Socket messages received: 0
	Signals delivered: 0
	Page size (bytes): 4096
	Exit status: 0
   Compiling rustc-pathogen v0.1.0 (/home/andreas/code/projects/rustc-pathogen)
    Finished dev [unoptimized + debuginfo] target(s) in 12.90s
	Command being timed: "cargo build"
	User time (seconds): 6.98
	System time (seconds): 1.79
	Percent of CPU this job got: 67%
	Elapsed (wall clock) time (h:mm:ss or m:ss): 0:13.03
	Average shared text size (kbytes): 0
	Average unshared data size (kbytes): 0
	Average stack size (kbytes): 0
	Average total size (kbytes): 0
	Maximum resident set size (kbytes): 5183220
	Average resident set size (kbytes): 0
	Major (requiring I/O) page faults: 691
	Minor (reclaiming a frame) page faults: 1354752
	Voluntary context switches: 1075
	Involuntary context switches: 7586
	Swaps: 0
	File system inputs: 174848
	File system outputs: 48824
	Socket messages sent: 0
	Socket messages received: 0
	Signals delivered: 0
	Page size (bytes): 4096
	Exit status: 0
   Compiling rustc-pathogen v0.1.0 (/home/andreas/code/projects/rustc-pathogen)
    Finished dev [unoptimized + debuginfo] target(s) in 23.69s
	Command being timed: "cargo build"
	User time (seconds): 7.42
	System time (seconds): 2.20
	Percent of CPU this job got: 38%
	Elapsed (wall clock) time (h:mm:ss or m:ss): 0:25.06
	Average shared text size (kbytes): 0
	Average unshared data size (kbytes): 0
	Average stack size (kbytes): 0
	Average total size (kbytes): 0
	Maximum resident set size (kbytes): 5518200
	Average resident set size (kbytes): 0
	Major (requiring I/O) page faults: 1244
	Minor (reclaiming a frame) page faults: 1504433
	Voluntary context switches: 1915
	Involuntary context switches: 2352
	Swaps: 0
	File system inputs: 325400
	File system outputs: 49440
	Socket messages sent: 0
	Socket messages received: 0
	Signals delivered: 0
	Page size (bytes): 4096
	Exit status: 0
   Compiling rustc-pathogen v0.1.0 (/home/andreas/code/projects/rustc-pathogen)
    Finished dev [unoptimized + debuginfo] target(s) in 31.90s
	Command being timed: "cargo build"
	User time (seconds): 7.48
	System time (seconds): 2.03
	Percent of CPU this job got: 28%
	Elapsed (wall clock) time (h:mm:ss or m:ss): 0:33.15
	Average shared text size (kbytes): 0
	Average unshared data size (kbytes): 0
	Average stack size (kbytes): 0
	Average total size (kbytes): 0
	Maximum resident set size (kbytes): 5461500
	Average resident set size (kbytes): 0
	Major (requiring I/O) page faults: 1120
	Minor (reclaiming a frame) page faults: 1403207
	Voluntary context switches: 1757
	Involuntary context switches: 2435
	Swaps: 0
	File system inputs: 287016
	File system outputs: 50056
	Socket messages sent: 0
	Socket messages received: 0
	Signals delivered: 0
	Page size (bytes): 4096
	Exit status: 0
   Compiling rustc-pathogen v0.1.0 (/home/andreas/code/projects/rustc-pathogen)
